2024-05-19T19:23:49.246Z - tasks added: {"id":8,"description":"add logs","completed":0}
2024-05-19T19:24:10.211Z - tasks updated: {"id":"8","completed":true}
2024-05-19T19:24:13.045Z - tasks deleted: {"id":"8"}
2024-05-19T19:27:41.947Z - tasks added: {"id":9,"description":"test","completed":0}
2024-05-19T19:27:48.127Z - tasks completed: {"id":"9","completed":true}
2024-05-19T19:27:54.630Z - tasks deleted: {"id":"9"}
2024-05-19T19:30:11.800Z - tasks added: {"id":10,"description":"test","completed":0}
2024-05-19T19:30:18.246Z - tasks completed: {"id":"10","description":"test\n                        \n                            Complete\n                            Delete"}
2024-05-19T19:32:35.885Z - tasks added: {"id":11,"description":"test","completed":0}
2024-05-19T19:32:40.342Z - tasks completed: {"id":"11","description":"test\n                        \n                            Complete\n                            Delete"}
2024-05-19T19:36:15.211Z - tasks added: {"id":12,"description":"test","completed":0}
2024-05-19T19:36:19.893Z - tasks completed: {"id":"12","description":"test\n                        \n                            Complete\n                            Delete"}
2024-05-19T19:39:51.836Z - tasks added: {"id":13,"description":"test","completed":0}
2024-05-19T19:39:54.555Z - tasks completed: {"id":"13","description":"test\n                        \n                            Complete\n                            Delete"}
2024-05-19T19:41:36.479Z - tasks added: {"id":14,"description":"test","completed":0}
2024-05-19T19:41:37.813Z - tasks completed: {"id":"14","description":"test"}
2024-05-21T12:41:18.221Z - tasks added: {"id":15,"description":"test","completed":0}
2024-05-21T12:41:23.487Z - tasks deleted: {"id":"15"}
2024-05-21T12:43:51.777Z - tasks added: {"id":16,"description":"test","completed":0}
2024-05-21T12:43:54.574Z - tasks deleted: {"id":"16"}
2024-05-21T12:47:35.655Z - tasks added: {"id":17,"description":"test","completed":0}
2024-05-21T12:52:39.766Z - tasks deleted: {"id":"17"}
2024-05-21T13:44:28.374Z - tasks added: {"id":18,"description":"test","completed":0}
2024-05-21T13:44:30.835Z - tasks deleted: {"id":"18"}
